16-11-2022 @ 4:21:46 ::	Starting server...
16-11-2022 @ 4:21:46 ::	Express listening at: undefined:undefined
16-11-2022 @ 4:21:46 ::	DB connection established
16-11-2022 @ 4:21:46 ::	Attempting to connect to DB...
16-11-2022 @ 4:24:27 ::	Starting server...
16-11-2022 @ 4:24:27 ::	Attempting to connect to DB...
16-11-2022 @ 4:24:27 ::	Express listening at: undefined:undefined
16-11-2022 @ 4:24:27 ::	DB connection established
16-11-2022 @ 4:25:24 ::	Starting server...
16-11-2022 @ 4:25:24 ::	Attempting to connect to DB...
16-11-2022 @ 4:25:24 ::	Express listening at: undefined:undefined
16-11-2022 @ 4:25:24 ::	DB connection established
16-11-2022 @ 4:26:47 ::	Starting server...
16-11-2022 @ 4:26:47 ::	Attempting to connect to DB...
16-11-2022 @ 4:26:47 ::	DB connection established
16-11-2022 @ 4:26:47 ::	Express listening at: undefined:undefined
16-11-2022 @ 4:28:2 ::	Starting server...
16-11-2022 @ 4:28:2 ::	Attempting to connect to DB...
16-11-2022 @ 4:28:2 ::	Express listening at: undefined:undefined
16-11-2022 @ 4:28:2 ::	DB connection established
16-11-2022 @ 4:29:2 ::	Starting server...
16-11-2022 @ 4:29:2 ::	Attempting to connect to DB...
16-11-2022 @ 4:29:2 ::	Express listening at: undefined:undefined
16-11-2022 @ 4:29:2 ::	DB connection established
16-11-2022 @ 4:29:30 ::	Starting server...
16-11-2022 @ 4:29:30 ::	Attempting to connect to DB...
16-11-2022 @ 4:29:30 ::	DB connection established
16-11-2022 @ 4:29:30 ::	Express listening at: undefined:undefined
16-11-2022 @ 4:30:1 ::	Starting server...
16-11-2022 @ 4:30:1 ::	Attempting to connect to DB...
16-11-2022 @ 4:30:1 ::	DB connection established
16-11-2022 @ 4:30:1 ::	Express listening at: undefined:undefined
16-11-2022 @ 4:30:28 ::	Starting server...
16-11-2022 @ 4:30:28 ::	Attempting to connect to DB...
16-11-2022 @ 4:30:28 ::	Express listening at: undefined:undefined
16-11-2022 @ 4:30:28 ::	DB connection established
16-11-2022 @ 4:32:8 ::	Starting server...
16-11-2022 @ 4:32:8 ::	Attempting to connect to DB...
16-11-2022 @ 4:32:8 ::	DB connection established
16-11-2022 @ 4:32:8 ::	Express listening at: undefined:undefined
16-11-2022 @ 4:33:7 ::	Starting server...
16-11-2022 @ 4:33:7 ::	Attempting to connect to DB...
16-11-2022 @ 4:33:7 ::	Express listening at: undefined:undefined
16-11-2022 @ 4:33:7 ::	DB connection established
16-11-2022 @ 4:36:57 ::	Starting server...
16-11-2022 @ 4:36:57 ::	Attempting to connect to DB...
16-11-2022 @ 4:36:57 ::	Express listening at: undefined:undefined
16-11-2022 @ 4:37:38 ::	Starting server...
16-11-2022 @ 4:37:38 ::	Attempting to connect to DB...
16-11-2022 @ 4:37:38 ::	Express listening at: undefined:undefined
16-11-2022 @ 4:38:47 ::	Starting server...
16-11-2022 @ 4:38:47 ::	Attempting to connect to DB...
16-11-2022 @ 4:38:47 ::	Express listening at: undefined:undefined
16-11-2022 @ 4:39:37 ::	Starting server...
16-11-2022 @ 4:39:37 ::	Attempting to connect to DB...
16-11-2022 @ 4:39:37 ::	Express listening at: http://127.0.0.1:8080
16-11-2022 @ 4:40:11 ::	Starting server...
16-11-2022 @ 4:40:11 ::	Attempting to connect to DB...
16-11-2022 @ 4:40:11 ::	Express listening at: undefined:undefined
16-11-2022 @ 4:40:44 ::	Starting server...
16-11-2022 @ 4:40:44 ::	Attempting to connect to DB...
16-11-2022 @ 4:40:44 ::	Express listening at: undefined:undefined
16-11-2022 @ 4:42:52 ::	Starting server...
16-11-2022 @ 4:42:52 ::	Attempting to connect to DB...
16-11-2022 @ 4:42:52 ::	Express listening at: undefined:undefined
16-11-2022 @ 4:43:20 ::	Starting server...
16-11-2022 @ 4:43:20 ::	Attempting to connect to DB...
16-11-2022 @ 4:43:20 ::	Express listening at: undefined:undefined
16-11-2022 @ 4:46:23 ::	Starting server...
16-11-2022 @ 4:46:23 ::	Attempting to connect to DB...
16-11-2022 @ 4:46:23 ::	Express listening at: undefined:undefined
16-11-2022 @ 4:46:47 ::	Starting server...
16-11-2022 @ 4:46:47 ::	Attempting to connect to DB...
16-11-2022 @ 4:46:47 ::	Express listening at: undefined:undefined
16-11-2022 @ 4:47:13 ::	Starting server...
16-11-2022 @ 4:47:13 ::	Attempting to connect to DB...
16-11-2022 @ 4:47:13 ::	Express listening at: http://127.0.0.1:8080
16-11-2022 @ 4:47:53 ::	Starting server...
16-11-2022 @ 4:47:53 ::	Attempting to connect to DB...
16-11-2022 @ 4:47:53 ::	Express listening at: http://127.0.0.1:8080
16-11-2022 @ 4:51:46 ::	Starting server...
16-11-2022 @ 4:51:46 ::	Attempting to connect to DB...
16-11-2022 @ 4:51:46 ::	Express listening at: http://127.0.0.1:8080
16-11-2022 @ 4:52:6 ::	Starting server...
16-11-2022 @ 4:52:6 ::	Attempting to connect to DB...
16-11-2022 @ 4:52:6 ::	Express listening at: http://127.0.0.1:8080
16-11-2022 @ 5:0:45 ::	Starting server...
16-11-2022 @ 5:0:45 ::	Attempting to connect to DB...
16-11-2022 @ 5:0:45 ::	Express listening at: http://127.0.0.1:8080
16-11-2022 @ 5:3:27 ::	Starting server...
16-11-2022 @ 5:3:27 ::	Attempting to connect to DB...
16-11-2022 @ 5:3:27 ::	Express listening at: http://127.0.0.1:8080
16-11-2022 @ 5:4:43 ::	Starting server...
16-11-2022 @ 5:4:43 ::	Attempting to connect to DB...
16-11-2022 @ 5:4:43 ::	Express listening at: http://127.0.0.1:8080
16-11-2022 @ 5:10:8 ::	Starting server...
16-11-2022 @ 5:10:8 ::	Attempting to connect to DB...
16-11-2022 @ 5:10:8 ::	Express listening at: http://127.0.0.1:8080
16-11-2022 @ 5:11:43 ::	Starting server...
16-11-2022 @ 5:11:43 ::	Attempting to connect to DB...
16-11-2022 @ 5:11:43 ::	Express listening at: http://127.0.0.1:8080
16-11-2022 @ 5:11:43 ::	GET /api/v1
16-11-2022 @ 5:11:43 ::	after
16-11-2022 @ 5:11:43 ::	GET /api/v1
16-11-2022 @ 5:11:43 ::	after
16-11-2022 @ 5:13:39 ::	Starting server...
16-11-2022 @ 5:13:39 ::	Attempting to connect to DB...
16-11-2022 @ 5:13:39 ::	Express listening at: http://127.0.0.1:8080
16-11-2022 @ 5:13:39 ::	GET /api/v1 - 304
16-11-2022 @ 5:13:39 ::	GET /api/v1 - 304
16-11-2022 @ 5:13:39 ::	GET /api/v1/task - 200
16-11-2022 @ 5:13:39 ::	GET /api/v1/ - 200
16-11-2022 @ 5:13:39 ::	GET /api/v1 - 304
16-11-2022 @ 5:13:39 ::	GET /api/v1/task/gfhgf - 200
16-11-2022 @ 5:13:39 ::	GET /api/v1/task/q - 200
16-11-2022 @ 5:13:39 ::	GET /api/v1/task - 200
16-11-2022 @ 5:13:39 ::	GET /api/v1/task/ - 200
16-11-2022 @ 5:13:39 ::	GET /api/v1 - 304
16-11-2022 @ 5:13:39 ::	POST /api/v1/task - 200
16-11-2022 @ 5:13:39 ::	GET /api/v1/task - 200
16-11-2022 @ 5:13:39 ::	GET /api/v1/task/123 - 200
16-11-2022 @ 5:13:39 ::	GET /api/v1/task/125 - 200
16-11-2022 @ 5:23:24 ::	Starting server...
16-11-2022 @ 5:23:24 ::	Attempting to connect to DB...
16-11-2022 @ 5:23:24 ::	Express listening at: http://127.0.0.1:8080
16-11-2022 @ 5:23:24 ::	GET /api/v1/task/125 - 200
16-11-2022 @ 5:23:47 ::	Starting server...
16-11-2022 @ 5:23:47 ::	Attempting to connect to DB...
16-11-2022 @ 5:23:47 ::	Express listening at: http://127.0.0.1:8080
16-11-2022 @ 5:23:47 ::	GET /api/v1/task/125 - 200
16-11-2022 @ 5:24:9 ::	Starting server...
16-11-2022 @ 5:24:9 ::	Attempting to connect to DB...
16-11-2022 @ 5:24:9 ::	Express listening at: http://127.0.0.1:8080
16-11-2022 @ 5:24:9 ::	GET /api/v1/task/125 - 200
16-11-2022 @ 5:25:27 ::	Starting server...
16-11-2022 @ 5:25:27 ::	Attempting to connect to DB...
16-11-2022 @ 5:25:27 ::	Express listening at: http://127.0.0.1:8080
16-11-2022 @ 5:25:27 ::	GET /api/v1/task/125 - 200
16-11-2022 @ 5:26:20 ::	Starting server...
16-11-2022 @ 5:26:20 ::	Attempting to connect to DB...
16-11-2022 @ 5:26:20 ::	Express listening at: http://127.0.0.1:8080
16-11-2022 @ 5:26:20 ::	GET /api/v1/task/125 - 200
16-11-2022 @ 5:43:3 ::	Starting server...
16-11-2022 @ 5:43:3 ::	Attempting to connect to DB...
16-11-2022 @ 5:43:3 ::	Express listening at: http://127.0.0.1:3366
16-11-2022 @ 5:43:3 ::	GET /api/v1//task - 200
16-11-2022 @ 5:43:3 ::	GET /api/v1//task - 200
16-11-2022 @ 5:43:3 ::	PATCH /api/v1//task - 200
16-11-2022 @ 5:43:3 ::	GET /api/v1//task - 200
16-11-2022 @ 5:43:3 ::	PATCH /api/v1//task - 200
16-11-2022 @ 5:43:3 ::	GET /api/v1//task - 200
16-11-2022 @ 5:43:3 ::	PATCH /api/v1//task - 200
16-11-2022 @ 5:43:3 ::	GET /api/v1//task - 200
16-11-2022 @ 5:43:3 ::	PATCH /api/v1//task - 200
16-11-2022 @ 5:43:3 ::	GET /api/v1//task - 200
16-11-2022 @ 5:43:3 ::	GET /api/v1//task - 200
16-11-2022 @ 5:43:3 ::	GET /api/v1//task - 200
16-11-2022 @ 5:43:3 ::	GET /api/v1//task - 200
16-11-2022 @ 5:43:3 ::	GET /api/v1//task - 200
