14-11-2022 @ 1:13:59 ::	Starting server...
14-11-2022 @ 1:13:59 ::	Attempting to connect to DB...
14-11-2022 @ 1:13:59 ::	DB connection established
14-11-2022 @ 1:13:59 ::	Express listening at: http://127.0.0.1:8080
14-11-2022 @ 1:13:59 ::	POST /v1/task
14-11-2022 @ 1:13:59 ::	GET /v1/task/gggg
14-11-2022 @ 1:13:59 ::	GET /v1/task
14-11-2022 @ 1:13:59 ::	PATCH /v1/task
14-11-2022 @ 1:13:59 ::	DELETE /v1/task
14-11-2022 @ 1:13:59 ::	DELETE /v1/task
14-11-2022 @ 1:16:35 ::	Starting server...
14-11-2022 @ 1:16:35 ::	Attempting to connect to DB...
14-11-2022 @ 1:16:35 ::	Express listening at: http://127.0.0.1:8080
14-11-2022 @ 1:16:35 ::	DB connection established
14-11-2022 @ 1:16:35 ::	POST /v1/task
14-11-2022 @ 1:16:35 ::	GET /v1/task/gggg
14-11-2022 @ 1:16:35 ::	DELETE /v1/task
14-11-2022 @ 1:16:35 ::	DELETE /v1/task
14-11-2022 @ 1:16:35 ::	PATCH /v1/task
14-11-2022 @ 1:16:35 ::	PATCH /v1/task
14-11-2022 @ 1:16:35 ::	POST /v1/task
14-11-2022 @ 1:16:35 ::	POST /v1/task
14-11-2022 @ 1:16:35 ::	PATCH /v1/task
14-11-2022 @ 1:16:35 ::	PATCH /v1/task
14-11-2022 @ 1:16:35 ::	PATCH /v1/task
14-11-2022 @ 1:16:35 ::	PATCH /v1/task
14-11-2022 @ 1:16:35 ::	PATCH /v1/task
14-11-2022 @ 1:16:35 ::	PATCH /v1/task
14-11-2022 @ 1:16:35 ::	DELETE /v1/task
14-11-2022 @ 1:16:35 ::	DELETE /v1/task
14-11-2022 @ 1:16:35 ::	DELETE /v1/task
14-11-2022 @ 1:16:35 ::	GET /v1/task
14-11-2022 @ 1:16:35 ::	POST /v1/task
14-11-2022 @ 1:16:35 ::	POST /v1/task
14-11-2022 @ 1:16:35 ::	POST /v1/task
14-11-2022 @ 1:16:35 ::	POST /v1/task
14-11-2022 @ 1:16:35 ::	GET /v1/task
14-11-2022 @ 1:16:35 ::	DELETE /v1/task
14-11-2022 @ 1:16:35 ::	GET /v1/task
14-11-2022 @ 3:6:33 ::	Starting server...
14-11-2022 @ 3:6:33 ::	Attempting to connect to DB...
14-11-2022 @ 3:6:33 ::	DB connection established
14-11-2022 @ 3:6:33 ::	Express listening at: http://127.0.0.1:8080
14-11-2022 @ 3:16:39 ::	Starting server...
14-11-2022 @ 3:16:39 ::	Attempting to connect to DB...
14-11-2022 @ 3:16:39 ::	Express listening at: http://127.0.0.1:8080
14-11-2022 @ 3:16:39 ::	DB connection established
14-11-2022 @ 3:28:46 ::	Starting server...
14-11-2022 @ 3:28:46 ::	Attempting to connect to DB...
14-11-2022 @ 3:28:46 ::	DB connection established
14-11-2022 @ 3:28:46 ::	Express listening at: http://127.0.0.1:8080
14-11-2022 @ 3:30:27 ::	Starting server...
14-11-2022 @ 3:30:27 ::	Attempting to connect to DB...
14-11-2022 @ 3:30:27 ::	DB connection established
14-11-2022 @ 3:30:27 ::	Express listening at: http://127.0.0.1:8080
14-11-2022 @ 3:33:13 ::	Starting server...
14-11-2022 @ 3:33:13 ::	Attempting to connect to DB...
14-11-2022 @ 3:33:13 ::	Express listening at: http://127.0.0.1:8080
14-11-2022 @ 3:33:13 ::	DB connection established
14-11-2022 @ 3:49:20 ::	Starting server...
14-11-2022 @ 3:49:20 ::	Attempting to connect to DB...
14-11-2022 @ 3:49:20 ::	DB connection established
14-11-2022 @ 3:49:20 ::	Express listening at: http://127.0.0.1:8080
14-11-2022 @ 3:49:20 ::	GET /v1/task
14-11-2022 @ 3:49:52 ::	Starting server...
14-11-2022 @ 3:49:52 ::	Attempting to connect to DB...
14-11-2022 @ 3:49:52 ::	Express listening at: http://127.0.0.1:8080
14-11-2022 @ 3:49:52 ::	DB connection established
14-11-2022 @ 3:49:52 ::	GET /v1/task
14-11-2022 @ 3:49:52 ::	GET /v1/task
14-11-2022 @ 3:49:52 ::	GET /v1/task
14-11-2022 @ 3:49:52 ::	GET /v1/task
14-11-2022 @ 3:49:52 ::	GET /v1/task
14-11-2022 @ 3:49:52 ::	GET /v1/task
14-11-2022 @ 3:49:52 ::	GET /v1/task
14-11-2022 @ 3:49:52 ::	GET /v1/task
14-11-2022 @ 3:49:52 ::	GET /v1/task
14-11-2022 @ 3:49:52 ::	GET /v1/task
14-11-2022 @ 3:49:52 ::	GET /v1/task
14-11-2022 @ 3:53:37 ::	Starting server...
14-11-2022 @ 3:53:37 ::	Attempting to connect to DB...
14-11-2022 @ 3:53:37 ::	DB connection established
14-11-2022 @ 3:53:37 ::	Express listening at: http://127.0.0.1:8080
14-11-2022 @ 3:53:37 ::	POST /v1/task
14-11-2022 @ 3:53:37 ::	POST /v1/task
14-11-2022 @ 3:53:37 ::	POST /v1/task
14-11-2022 @ 3:53:37 ::	GET /v1/task
14-11-2022 @ 3:55:41 ::	Starting server...
14-11-2022 @ 3:55:41 ::	Attempting to connect to DB...
14-11-2022 @ 3:55:41 ::	DB connection established
14-11-2022 @ 3:55:41 ::	Express listening at: http://127.0.0.1:8080
14-11-2022 @ 3:55:41 ::	POST /v1/task
14-11-2022 @ 3:55:41 ::	POST /v1/task
14-11-2022 @ 3:56:11 ::	Starting server...
14-11-2022 @ 3:56:11 ::	Attempting to connect to DB...
14-11-2022 @ 3:56:11 ::	DB connection established
14-11-2022 @ 3:56:11 ::	Express listening at: http://127.0.0.1:8080
14-11-2022 @ 3:56:11 ::	POST /v1/task
14-11-2022 @ 3:56:11 ::	POST /v1/task
14-11-2022 @ 3:56:11 ::	POST /v1/task
14-11-2022 @ 3:59:52 ::	Starting server...
14-11-2022 @ 3:59:52 ::	Attempting to connect to DB...
14-11-2022 @ 3:59:52 ::	Express listening at: http://127.0.0.1:8080
14-11-2022 @ 3:59:52 ::	DB connection established
14-11-2022 @ 3:59:52 ::	GET /v1/task
14-11-2022 @ 4:1:4 ::	Starting server...
14-11-2022 @ 4:1:4 ::	Attempting to connect to DB...
14-11-2022 @ 4:1:4 ::	Express listening at: http://127.0.0.1:8080
14-11-2022 @ 4:1:4 ::	DB connection established
14-11-2022 @ 4:1:4 ::	GET /v1/task
14-11-2022 @ 4:1:4 ::	DELETE /v1/task
14-11-2022 @ 4:1:4 ::	GET /v1/task
14-11-2022 @ 4:1:4 ::	DELETE /v1/task
14-11-2022 @ 4:2:40 ::	Starting server...
14-11-2022 @ 4:2:40 ::	Attempting to connect to DB...
14-11-2022 @ 4:2:40 ::	Express listening at: http://127.0.0.1:8080
14-11-2022 @ 4:2:40 ::	DB connection established
14-11-2022 @ 4:2:40 ::	DELETE /v1/task/gggg
14-11-2022 @ 4:2:40 ::	GET /v1/task
14-11-2022 @ 4:2:40 ::	DELETE /v1/task/ggggh
14-11-2022 @ 4:2:40 ::	POST /v1/task
14-11-2022 @ 4:2:40 ::	POST /v1/task
14-11-2022 @ 4:2:40 ::	POST /v1/task
14-11-2022 @ 4:2:40 ::	GET /v1/task
14-11-2022 @ 4:2:40 ::	GET /v1/task/gggg
14-11-2022 @ 4:7:21 ::	Starting server...
14-11-2022 @ 4:7:21 ::	Attempting to connect to DB...
14-11-2022 @ 4:7:21 ::	DB connection established
14-11-2022 @ 4:7:21 ::	Express listening at: http://127.0.0.1:8080
14-11-2022 @ 4:7:21 ::	GET /v1/task
14-11-2022 @ 4:7:21 ::	DELETE /v1/task/gfhgfhfghfgh
14-11-2022 @ 4:7:21 ::	DELETE /v1/task/1234325345
14-11-2022 @ 4:7:21 ::	DELETE /v1/task/qweertertyrtyfgh
14-11-2022 @ 4:7:21 ::	GET /v1/task
14-11-2022 @ 4:7:21 ::	GET /v1/task/gggg
14-11-2022 @ 4:7:21 ::	POST /v1/task
14-11-2022 @ 4:7:21 ::	GET /v1/task/123
14-11-2022 @ 4:7:21 ::	GET /v1/task
14-11-2022 @ 4:8:28 ::	Starting server...
14-11-2022 @ 4:8:28 ::	Attempting to connect to DB...
14-11-2022 @ 4:8:28 ::	Express listening at: http://127.0.0.1:8080
14-11-2022 @ 4:8:28 ::	DB connection established
14-11-2022 @ 4:8:28 ::	GET /v1/task/123
14-11-2022 @ 4:9:21 ::	Starting server...
14-11-2022 @ 4:9:21 ::	Attempting to connect to DB...
14-11-2022 @ 4:9:21 ::	DB connection established
14-11-2022 @ 4:9:21 ::	Express listening at: http://127.0.0.1:8080
14-11-2022 @ 4:9:21 ::	PATCH /v1/task
14-11-2022 @ 4:9:21 ::	GET /v1/task
14-11-2022 @ 4:9:21 ::	GET /v1/task
14-11-2022 @ 4:9:21 ::	GET /v1/task/123
16-11-2022 @ 3:4:50 ::	Starting server...
16-11-2022 @ 3:4:50 ::	Attempting to connect to DB...
16-11-2022 @ 3:4:50 ::	DB connection established
16-11-2022 @ 3:4:50 ::	Express listening at: http://127.0.0.1:8080
16-11-2022 @ 3:6:20 ::	Starting server...
16-11-2022 @ 3:6:20 ::	Attempting to connect to DB...
16-11-2022 @ 3:6:20 ::	DB connection established
16-11-2022 @ 3:6:20 ::	Express listening at: http://127.0.0.1:8080
16-11-2022 @ 3:6:20 ::	GET /v1/task
16-11-2022 @ 3:6:20 ::	GET /v1/task
16-11-2022 @ 3:6:20 ::	GET /v1/task
16-11-2022 @ 3:6:20 ::	GET /v1/task
16-11-2022 @ 3:6:20 ::	POST /v1/task
16-11-2022 @ 3:6:20 ::	GET /v1/task
16-11-2022 @ 4:12:40 ::	Starting server...
16-11-2022 @ 4:12:40 ::	Attempting to connect to DB...
16-11-2022 @ 4:12:40 ::	Express listening at: http://127.0.0.1:8080
16-11-2022 @ 4:12:40 ::	DB connection established
16-11-2022 @ 4:12:40 ::	GET /v1/task
16-11-2022 @ 4:12:40 ::	GET /v1/task
